<?xml version="1.0" encoding="UTF-8"?>
<!-- Generated by org.testng.reporters.JUnitReportReporter -->
<testsuite hostname="DESKTOP-0KUUI79" failures="0" tests="1" name="frontApplication.Login_Test" time="18.803" errors="0" timestamp="2023-10-19T12:07:28 IST" skipped="0">
  <testcase classname="frontApplication.Login_Test" name="login" time="18.803"/>
</testsuite> <!-- frontApplication.Login_Test -->
