<?xml version="1.0" encoding="UTF-8"?>
<!-- Generated by org.testng.reporters.JUnitReportReporter -->
<testsuite hostname="DESKTOP-0KUUI79" failures="0" tests="1" name="testcases.ZohoTest" time="16.052" errors="0" timestamp="2024-01-24T10:57:40 IST" skipped="0">
  <testcase classname="testcases.ZohoTest" name="Login" time="16.052"/>
</testsuite> <!-- testcases.ZohoTest -->
